app/build/intermediates/manifest_merge_blame_file/release/manifest-merger-blame-release-report.txt
1<?xml version="1.0" encoding="utf-8"?>
2<manifest xmlns:android="http://schemas.android.com/apk/res/android"
3    package="com.oest.usereucomb"
4    android:versionCode="53"
5    android:versionName="53.0" >
6
7    <uses-sdk
7-->src\main\AndroidManifest.xml:21:5-73
8        android:minSdkVersion="22"
8-->src\main\AndroidManifest.xml:21:5-73
9        android:targetSdkVersion="29" />
9-->src\main\AndroidManifest.xml:21:5-73
10
11    <!-- Always Required to get content and check if internet is available -->
12    <uses-permission android:name="android.permission.ACCESS_WIFI_STATE" />
12-->src\main\AndroidManifest.xml:7:5-76
12-->src\main\AndroidManifest.xml:7:22-73
13    <uses-permission android:name="android.permission.ACCESS_NETWORK_STATE" />
13-->src\main\AndroidManifest.xml:8:5-79
13-->src\main\AndroidManifest.xml:8:22-76
14    <uses-permission android:name="android.permission.INTERNET" />
14-->src\main\AndroidManifest.xml:9:5-67
14-->src\main\AndroidManifest.xml:9:22-64
15    <!-- Always Required for image coaching & maps -->
16    <uses-permission android:name="android.permission.WRITE_EXTERNAL_STORAGE" />
16-->src\main\AndroidManifest.xml:11:5-81
16-->src\main\AndroidManifest.xml:11:22-78
17    <uses-permission android:name="android.permission.READ_EXTERNAL_STORAGE" />
17-->src\main\AndroidManifest.xml:12:5-80
17-->src\main\AndroidManifest.xml:12:22-77
18
19    <!-- Required for maps -->
20    <uses-permission android:name="com.google.android.providers.gsf.permission.READ_GSERVICES" />
20-->src\main\AndroidManifest.xml:15:5-98
20-->src\main\AndroidManifest.xml:15:22-95
21    <uses-permission android:name="android.permission.ACCESS_FINE_LOCATION" />
21-->src\main\AndroidManifest.xml:16:5-79
21-->src\main\AndroidManifest.xml:16:22-76
22    <!-- Required for in-app purchases -->
23    <uses-permission android:name="com.android.vending.BILLING" />
23-->src\main\AndroidManifest.xml:18:5-67
23-->src\main\AndroidManifest.xml:18:22-64
24    <!-- camara -->
25    <uses-permission android:name="android.permission.CAMERA" />
25-->src\main\AndroidManifest.xml:20:5-65
25-->src\main\AndroidManifest.xml:20:22-62
26
27    <uses-feature
27-->src\main\AndroidManifest.xml:23:5-25:35
28        android:glEsVersion="0x00020000"
28-->src\main\AndroidManifest.xml:24:9-41
29        android:required="true" />
29-->src\main\AndroidManifest.xml:25:9-32
30
31    <!-- Create a unique permission for your app and use it so only your app can receive your OneSignal messages. -->
32    <permission
32-->[com.onesignal:OneSignal:3.12.6] AndroidManifest.xml:7:5-9:47
33        android:name="com.oest.usereucomb.permission.C2D_MESSAGE"
33-->[com.onesignal:OneSignal:3.12.6] AndroidManifest.xml:8:9-63
34        android:protectionLevel="signature" />
34-->[com.onesignal:OneSignal:3.12.6] AndroidManifest.xml:9:9-44
35
36    <uses-permission android:name="com.oest.usereucomb.permission.C2D_MESSAGE" />
36-->[com.onesignal:OneSignal:3.12.6] AndroidManifest.xml:11:5-79
36-->[com.onesignal:OneSignal:3.12.6] AndroidManifest.xml:11:22-76
37    <uses-permission android:name="com.google.android.c2dm.permission.RECEIVE" /> <!-- Required, makes sure notifications are delivered on time. -->
37-->[com.onesignal:OneSignal:3.12.6] AndroidManifest.xml:17:5-82
37-->[com.onesignal:OneSignal:3.12.6] AndroidManifest.xml:17:22-79
38    <uses-permission android:name="android.permission.WAKE_LOCK" />
38-->[com.onesignal:OneSignal:3.12.6] AndroidManifest.xml:18:5-68
38-->[com.onesignal:OneSignal:3.12.6] AndroidManifest.xml:18:22-65
39    <!--
40 Required so the device vibrates on receiving a push notification.
41         Vibration settings of the device still apply.
42    -->
43    <uses-permission android:name="android.permission.VIBRATE" />
43-->[com.onesignal:OneSignal:3.12.6] AndroidManifest.xml:23:5-66
43-->[com.onesignal:OneSignal:3.12.6] AndroidManifest.xml:23:22-63
44    <!--
45 Use to restore notifications the user hasn't interacted with.
46         They could be missed notifications if the user reboots their device if this isn't in place.
47    -->
48    <uses-permission android:name="android.permission.RECEIVE_BOOT_COMPLETED" /> <!-- START: ShortcutBadger -->
48-->[com.onesignal:OneSignal:3.12.6] AndroidManifest.xml:29:5-81
48-->[com.onesignal:OneSignal:3.12.6] AndroidManifest.xml:29:22-78
49    <!-- Samsung -->
50    <uses-permission android:name="com.sec.android.provider.badge.permission.READ" />
50-->[com.onesignal:OneSignal:3.12.6] AndroidManifest.xml:31:5-86
50-->[com.onesignal:OneSignal:3.12.6] AndroidManifest.xml:31:22-83
51    <uses-permission android:name="com.sec.android.provider.badge.permission.WRITE" /> <!-- HTC -->
51-->[com.onesignal:OneSignal:3.12.6] AndroidManifest.xml:32:5-87
51-->[com.onesignal:OneSignal:3.12.6] AndroidManifest.xml:32:22-84
52    <uses-permission android:name="com.htc.launcher.permission.READ_SETTINGS" />
52-->[com.onesignal:OneSignal:3.12.6] AndroidManifest.xml:33:5-81
52-->[com.onesignal:OneSignal:3.12.6] AndroidManifest.xml:33:22-78
53    <uses-permission android:name="com.htc.launcher.permission.UPDATE_SHORTCUT" /> <!-- Sony -->
53-->[com.onesignal:OneSignal:3.12.6] AndroidManifest.xml:34:5-83
53-->[com.onesignal:OneSignal:3.12.6] AndroidManifest.xml:34:22-80
54    <uses-permission android:name="com.sonyericsson.home.permission.BROADCAST_BADGE" />
54-->[com.onesignal:OneSignal:3.12.6] AndroidManifest.xml:35:5-88
54-->[com.onesignal:OneSignal:3.12.6] AndroidManifest.xml:35:22-85
55    <uses-permission android:name="com.sonymobile.home.permission.PROVIDER_INSERT_BADGE" /> <!-- Apex -->
55-->[com.onesignal:OneSignal:3.12.6] AndroidManifest.xml:36:5-92
55-->[com.onesignal:OneSignal:3.12.6] AndroidManifest.xml:36:22-89
56    <uses-permission android:name="com.anddoes.launcher.permission.UPDATE_COUNT" /> <!-- Solid -->
56-->[com.onesignal:OneSignal:3.12.6] AndroidManifest.xml:37:5-84
56-->[com.onesignal:OneSignal:3.12.6] AndroidManifest.xml:37:22-81
57    <uses-permission android:name="com.majeur.launcher.permission.UPDATE_BADGE" /> <!-- Huawei -->
57-->[com.onesignal:OneSignal:3.12.6] AndroidManifest.xml:38:5-83
57-->[com.onesignal:OneSignal:3.12.6] AndroidManifest.xml:38:22-80
58    <uses-permission android:name="com.huawei.android.launcher.permission.CHANGE_BADGE" />
58-->[com.onesignal:OneSignal:3.12.6] AndroidManifest.xml:39:5-91
58-->[com.onesignal:OneSignal:3.12.6] AndroidManifest.xml:39:22-88
59    <uses-permission android:name="com.huawei.android.launcher.permission.READ_SETTINGS" />
59-->[com.onesignal:OneSignal:3.12.6] AndroidManifest.xml:40:5-92
59-->[com.onesignal:OneSignal:3.12.6] AndroidManifest.xml:40:22-89
60    <uses-permission android:name="com.huawei.android.launcher.permission.WRITE_SETTINGS" /> <!-- ZUK -->
60-->[com.onesignal:OneSignal:3.12.6] AndroidManifest.xml:41:5-93
60-->[com.onesignal:OneSignal:3.12.6] AndroidManifest.xml:41:22-90
61    <uses-permission android:name="android.permission.READ_APP_BADGE" /> <!-- OPPO -->
61-->[com.onesignal:OneSignal:3.12.6] AndroidManifest.xml:42:5-73
61-->[com.onesignal:OneSignal:3.12.6] AndroidManifest.xml:42:22-70
62    <uses-permission android:name="com.oppo.launcher.permission.READ_SETTINGS" />
62-->[com.onesignal:OneSignal:3.12.6] AndroidManifest.xml:43:5-82
62-->[com.onesignal:OneSignal:3.12.6] AndroidManifest.xml:43:22-79
63    <uses-permission android:name="com.oppo.launcher.permission.WRITE_SETTINGS" /> <!-- EvMe -->
63-->[com.onesignal:OneSignal:3.12.6] AndroidManifest.xml:44:5-83
63-->[com.onesignal:OneSignal:3.12.6] AndroidManifest.xml:44:22-80
64    <uses-permission android:name="me.everything.badger.permission.BADGE_COUNT_READ" />
64-->[com.onesignal:OneSignal:3.12.6] AndroidManifest.xml:45:5-88
64-->[com.onesignal:OneSignal:3.12.6] AndroidManifest.xml:45:22-85
65    <uses-permission android:name="me.everything.badger.permission.BADGE_COUNT_WRITE" /> <!-- Don't require camera, as this requires a rear camera. This allows it to work on the Nexus 7 -->
65-->[com.onesignal:OneSignal:3.12.6] AndroidManifest.xml:46:5-89
65-->[com.onesignal:OneSignal:3.12.6] AndroidManifest.xml:46:22-86
66    <uses-feature
66-->[com.journeyapps:zxing-android-embedded:4.1.0] AndroidManifest.xml:25:5-27:36
67        android:name="android.hardware.camera"
67-->[com.journeyapps:zxing-android-embedded:4.1.0] AndroidManifest.xml:26:9-47
68        android:required="false" />
68-->[com.journeyapps:zxing-android-embedded:4.1.0] AndroidManifest.xml:27:9-33
69    <uses-feature
69-->[com.journeyapps:zxing-android-embedded:4.1.0] AndroidManifest.xml:28:5-30:36
70        android:name="android.hardware.camera.front"
70-->[com.journeyapps:zxing-android-embedded:4.1.0] AndroidManifest.xml:29:9-53
71        android:required="false" /> <!-- TODO replace above two with next line after Android 4.2 -->
71-->[com.journeyapps:zxing-android-embedded:4.1.0] AndroidManifest.xml:30:9-33
72    <!-- <uses-feature android:name="android.hardware.camera.any"/> -->
73    <uses-feature
73-->[com.journeyapps:zxing-android-embedded:4.1.0] AndroidManifest.xml:33:5-35:36
74        android:name="android.hardware.camera.autofocus"
74-->[com.journeyapps:zxing-android-embedded:4.1.0] AndroidManifest.xml:34:9-57
75        android:required="false" />
75-->[com.journeyapps:zxing-android-embedded:4.1.0] AndroidManifest.xml:35:9-33
76    <uses-feature
76-->[com.journeyapps:zxing-android-embedded:4.1.0] AndroidManifest.xml:36:5-38:36
77        android:name="android.hardware.camera.flash"
77-->[com.journeyapps:zxing-android-embedded:4.1.0] AndroidManifest.xml:37:9-53
78        android:required="false" />
78-->[com.journeyapps:zxing-android-embedded:4.1.0] AndroidManifest.xml:38:9-33
79    <uses-feature
79-->[com.journeyapps:zxing-android-embedded:4.1.0] AndroidManifest.xml:39:5-41:36
80        android:name="android.hardware.screen.landscape"
80-->[com.journeyapps:zxing-android-embedded:4.1.0] AndroidManifest.xml:40:9-57
81        android:required="false" />
81-->[com.journeyapps:zxing-android-embedded:4.1.0] AndroidManifest.xml:41:9-33
82    <uses-feature
82-->[com.journeyapps:zxing-android-embedded:4.1.0] AndroidManifest.xml:42:5-44:36
83        android:name="android.hardware.wifi"
83-->[com.journeyapps:zxing-android-embedded:4.1.0] AndroidManifest.xml:43:9-45
84        android:required="false" />
84-->[com.journeyapps:zxing-android-embedded:4.1.0] AndroidManifest.xml:44:9-33
85
86    <application
86-->src\main\AndroidManifest.xml:27:5-138:19
87        android:name="com.oest.usereucomb.App"
87-->src\main\AndroidManifest.xml:28:9-47
88        android:allowBackup="true"
88-->src\main\AndroidManifest.xml:29:9-35
89        android:appComponentFactory="androidx.core.app.CoreComponentFactory"
89-->[androidx.core:core:1.1.0] AndroidManifest.xml:24:18-86
90        android:hardwareAccelerated="true"
90-->src\main\AndroidManifest.xml:35:9-43
91        android:icon="@drawable/ic_launcher"
91-->src\main\AndroidManifest.xml:30:9-45
92        android:label="@string/app_name"
92-->src\main\AndroidManifest.xml:31:9-41
93        android:supportsRtl="true"
93-->src\main\AndroidManifest.xml:32:9-35
94        android:theme="@style/AppTheme"
94-->src\main\AndroidManifest.xml:34:9-40
95        android:usesCleartextTraffic="true" >
95-->src\main\AndroidManifest.xml:33:9-44
96
97        <!-- Activities -->
98        <activity
98-->src\main\AndroidManifest.xml:40:9-51:20
99            android:name="com.oest.usereucomb.MainActivity"
99-->src\main\AndroidManifest.xml:41:13-60
100            android:clearTaskOnLaunch="true"
100-->src\main\AndroidManifest.xml:43:13-45
101            android:label="@string/app_name"
101-->src\main\AndroidManifest.xml:45:13-45
102            android:screenOrientation="portrait"
102-->src\main\AndroidManifest.xml:42:13-49
103            android:theme="@style/AppTheme.Launcher" >
103-->src\main\AndroidManifest.xml:44:13-53
104            <intent-filter>
104-->src\main\AndroidManifest.xml:46:13-50:29
105                <action android:name="android.intent.action.MAIN" />
105-->src\main\AndroidManifest.xml:47:17-69
105-->src\main\AndroidManifest.xml:47:25-66
106
107                <category android:name="android.intent.category.LAUNCHER" />
107-->src\main\AndroidManifest.xml:49:17-77
107-->src\main\AndroidManifest.xml:49:27-74
108            </intent-filter>
109        </activity>
110        <activity android:name="com.oest.usereucomb.providers.login.ui.LoginActivity" />
110-->src\main\AndroidManifest.xml:52:9-89
110-->src\main\AndroidManifest.xml:52:19-86
111        <activity android:name="com.oest.usereucomb.providers.rss.ui.RssDetailActivity" />
111-->src\main\AndroidManifest.xml:53:9-91
111-->src\main\AndroidManifest.xml:53:19-88
112        <activity android:name="com.oest.usereucomb.providers.videos.ui.VideoDetailActivity" />
112-->src\main\AndroidManifest.xml:54:9-96
112-->src\main\AndroidManifest.xml:54:19-93
113        <activity android:name="com.oest.usereucomb.providers.login.ui.RegistroActivity" />
113-->src\main\AndroidManifest.xml:55:9-92
113-->src\main\AndroidManifest.xml:55:19-89
114        <activity android:name="com.oest.usereucomb.providers.login.ui.ResetActivity" />
114-->src\main\AndroidManifest.xml:56:9-88
114-->src\main\AndroidManifest.xml:56:19-86
115        <activity
115-->src\main\AndroidManifest.xml:57:9-59:49
116            android:name="com.oest.usereucomb.providers.qr.QRT"
116-->src\main\AndroidManifest.xml:57:19-70
117            android:screenOrientation="fullSensor" />
117-->src\main\AndroidManifest.xml:58:13-51
118        <activity android:name="com.oest.usereucomb.providers.vales.ui.Confirmacion" />
118-->src\main\AndroidManifest.xml:60:9-88
118-->src\main\AndroidManifest.xml:60:19-85
119        <activity android:name="com.oest.usereucomb.providers.login.ui.PreguntasFrecuentesActivity" />
119-->src\main\AndroidManifest.xml:61:9-103
119-->src\main\AndroidManifest.xml:61:19-100
120        <activity android:name="com.oest.usereucomb.providers.membresia.ui.Canjear" />
120-->src\main\AndroidManifest.xml:62:9-87
120-->src\main\AndroidManifest.xml:62:19-84
121        <activity android:name="com.oest.usereucomb.providers.premios.ui.ConfirmarPremios" />
121-->src\main\AndroidManifest.xml:63:9-94
121-->src\main\AndroidManifest.xml:63:19-91
122        <activity android:name="com.oest.usereucomb.providers.premios.ui.ConfirmarAwards" />
122-->src\main\AndroidManifest.xml:64:9-93
122-->src\main\AndroidManifest.xml:64:19-90
123        <activity android:name="com.oest.usereucomb.providers.membresia.ui.Premio" />
123-->src\main\AndroidManifest.xml:65:9-86
123-->src\main\AndroidManifest.xml:65:19-83
124        <activity
124-->src\main\AndroidManifest.xml:66:9-68:62
125            android:name="com.oest.usereucomb.comments.CommentsActivity"
125-->src\main\AndroidManifest.xml:67:13-73
126            android:configChanges="orientation|screenSize" />
126-->src\main\AndroidManifest.xml:68:13-59
127        <activity
127-->src\main\AndroidManifest.xml:69:9-71:62
128            android:name="com.oest.usereucomb.HolderActivity"
128-->src\main\AndroidManifest.xml:70:13-62
129            android:configChanges="orientation|screenSize" />
129-->src\main\AndroidManifest.xml:71:13-59
130        <activity
130-->src\main\AndroidManifest.xml:72:9-74:62
131            android:name="com.oest.usereucomb.attachmentviewer.ui.AttachmentActivity"
131-->src\main\AndroidManifest.xml:73:13-86
132            android:configChanges="orientation|screenSize" />
132-->src\main\AndroidManifest.xml:74:13-59
133        <activity
133-->src\main\AndroidManifest.xml:75:9-77:62
134            android:name="com.oest.usereucomb.attachmentviewer.ui.AudioPlayerActivity"
134-->src\main\AndroidManifest.xml:76:13-87
135            android:configChanges="orientation|screenSize" />
135-->src\main\AndroidManifest.xml:77:13-59
136        <activity
136-->src\main\AndroidManifest.xml:78:9-80:62
137            android:name="com.oest.usereucomb.attachmentviewer.ui.VideoPlayerActivity"
137-->src\main\AndroidManifest.xml:79:13-87
138            android:configChanges="orientation|screenSize" />
138-->src\main\AndroidManifest.xml:80:13-59
139        <activity
139-->src\main\AndroidManifest.xml:81:9-85:80
140            android:name="com.oest.usereucomb.providers.videos.player.YouTubePlayerActivity"
140-->src\main\AndroidManifest.xml:82:13-93
141            android:configChanges="keyboardHidden|orientation|screenSize"
141-->src\main\AndroidManifest.xml:83:13-74
142            android:screenOrientation="sensor"
142-->src\main\AndroidManifest.xml:84:13-47
143            android:theme="@android:style/Theme.Black.NoTitleBar.Fullscreen" />
143-->src\main\AndroidManifest.xml:85:13-77
144        <activity
144-->src\main\AndroidManifest.xml:86:9-89:64
145            android:name="com.google.android.gms.ads.AdActivity"
145-->src\main\AndroidManifest.xml:87:13-65
146            android:configChanges="keyboard|keyboardHidden|orientation|screenLayout|uiMode|screenSize|smallestScreenSize"
146-->src\main\AndroidManifest.xml:88:13-122
147            android:exported="false"
147-->[com.google.android.gms:play-services-ads-lite:16.0.0] AndroidManifest.xml:32:13-37
148            android:theme="@android:style/Theme.Translucent" />
148-->src\main\AndroidManifest.xml:89:13-61
149        <activity
149-->src\main\AndroidManifest.xml:90:9-91:76
150            android:name="com.google.android.gms.oss.licenses.OssLicensesMenuActivity"
150-->src\main\AndroidManifest.xml:90:19-93
151            android:theme="@style/Theme.AppCompat.DayNight.DarkActionBar" />
151-->src\main\AndroidManifest.xml:91:13-74
152        <activity
152-->src\main\AndroidManifest.xml:92:9-93:76
153            android:name="com.google.android.gms.oss.licenses.OssLicensesActivity"
153-->src\main\AndroidManifest.xml:92:19-89
154            android:theme="@style/Theme.AppCompat.DayNight.DarkActionBar" />
154-->src\main\AndroidManifest.xml:93:13-74
155        <!--
156        A receiver that will receive media buttons and send as
157        intents to your MediaBrowserServiceCompat implementation.
158        Required on pre-Lollipop. More information at
159        http://developer.android.com/reference/android/support/v4/media/session/MediaButtonReceiver.html
160        -->
161        <receiver android:name="androidx.media.session.MediaButtonReceiver" >
161-->src\main\AndroidManifest.xml:100:9-104:20
161-->src\main\AndroidManifest.xml:100:19-76
162            <intent-filter>
162-->src\main\AndroidManifest.xml:101:13-103:29
163                <action android:name="android.intent.action.MEDIA_BUTTON" />
163-->src\main\AndroidManifest.xml:102:17-77
163-->src\main\AndroidManifest.xml:102:25-74
164            </intent-filter>
165        </receiver>
166        <!--
167        <receiver android:name=".providers.soundcloud.player.player.PlayerReceiver">
168            <intent-filter>
169                <action android:name="android.media.AUDIO_BECOMING_NOISY" />
170            </intent-filter>
171        </receiver>
172        -->
173
174
175        <!-- Meta Data -->
176        <meta-data
176-->src\main\AndroidManifest.xml:112:9-114:39
177            android:name="com.onesignal.NotificationOpened.DEFAULT"
177-->src\main\AndroidManifest.xml:113:13-68
178            android:value="DISABLE" />
178-->src\main\AndroidManifest.xml:114:13-36
179        <meta-data
179-->src\main\AndroidManifest.xml:115:9-117:69
180            android:name="com.google.android.gms.version"
180-->src\main\AndroidManifest.xml:116:13-58
181            android:value="@integer/google_play_services_version" />
181-->src\main\AndroidManifest.xml:117:13-66
182        <meta-data
182-->src\main\AndroidManifest.xml:118:9-120:58
183            android:name="com.google.android.maps.v2.API_KEY"
183-->src\main\AndroidManifest.xml:119:13-62
184            android:value="@string/google_android_key" />
184-->src\main\AndroidManifest.xml:120:13-55
185
186        <provider
187            android:name="androidx.core.content.FileProvider"
187-->src\main\AndroidManifest.xml:123:13-62
188            android:authorities="com.oest.usereucomb.provider"
188-->src\main\AndroidManifest.xml:124:13-60
189            android:exported="false"
189-->src\main\AndroidManifest.xml:125:13-37
190            android:grantUriPermissions="true" >
190-->src\main\AndroidManifest.xml:126:13-47
191            <meta-data
191-->src\main\AndroidManifest.xml:127:13-129:58
192                android:name="android.support.FILE_PROVIDER_PATHS"
192-->src\main\AndroidManifest.xml:128:17-67
193                android:resource="@xml/provider_paths" />
193-->src\main\AndroidManifest.xml:129:17-55
194        </provider>
195        <provider
195-->[com.squareup.picasso:picasso:2.71828] AndroidManifest.xml:8:9-11:40
196            android:name="com.squareup.picasso.PicassoProvider"
196-->[com.squareup.picasso:picasso:2.71828] AndroidManifest.xml:9:13-64
197            android:authorities="com.oest.usereucomb.com.squareup.picasso"
197-->[com.squareup.picasso:picasso:2.71828] AndroidManifest.xml:10:13-72
198            android:exported="false" />
198-->[com.squareup.picasso:picasso:2.71828] AndroidManifest.xml:11:13-37
199
200        <meta-data
200-->[com.onesignal:OneSignal:3.12.6] AndroidManifest.xml:49:9-51:51
201            android:name="onesignal_app_id"
201-->[com.onesignal:OneSignal:3.12.6] AndroidManifest.xml:50:13-44
202            android:value="" /> <!-- Deprecated - Pulled from OneSignal dashboard. -->
202-->[com.onesignal:OneSignal:3.12.6] AndroidManifest.xml:51:13-48
203        <meta-data
203-->[com.onesignal:OneSignal:3.12.6] AndroidManifest.xml:53:9-55:70
204            android:name="onesignal_google_project_number"
204-->[com.onesignal:OneSignal:3.12.6] AndroidManifest.xml:54:13-59
205            android:value="str:" />
205-->[com.onesignal:OneSignal:3.12.6] AndroidManifest.xml:55:13-67
206
207        <receiver
207-->[com.onesignal:OneSignal:3.12.6] AndroidManifest.xml:57:9-67:20
208            android:name="com.onesignal.GcmBroadcastReceiver"
208-->[com.onesignal:OneSignal:3.12.6] AndroidManifest.xml:58:13-62
209            android:permission="com.google.android.c2dm.permission.SEND" >
209-->[com.onesignal:OneSignal:3.12.6] AndroidManifest.xml:59:13-73
210
211            <!-- High priority so OneSignal payloads can be filtered from other GCM receivers if filterOtherGCMReceivers is enabled. -->
212            <intent-filter android:priority="999" >
212-->[com.onesignal:OneSignal:3.12.6] AndroidManifest.xml:62:13-66:29
212-->[com.onesignal:OneSignal:3.12.6] AndroidManifest.xml:62:28-50
213                <action android:name="com.google.android.c2dm.intent.RECEIVE" />
213-->[com.onesignal:OneSignal:3.12.6] AndroidManifest.xml:63:17-81
213-->[com.onesignal:OneSignal:3.12.6] AndroidManifest.xml:63:25-78
214
215                <category android:name="com.oest.usereucomb" />
215-->[com.onesignal:OneSignal:3.12.6] AndroidManifest.xml:65:17-61
215-->[com.onesignal:OneSignal:3.12.6] AndroidManifest.xml:65:27-58
216            </intent-filter>
217        </receiver>
218        <receiver android:name="com.onesignal.NotificationOpenedReceiver" />
218-->[com.onesignal:OneSignal:3.12.6] AndroidManifest.xml:68:9-77
218-->[com.onesignal:OneSignal:3.12.6] AndroidManifest.xml:68:19-74
219
220        <service android:name="com.onesignal.GcmIntentService" />
220-->[com.onesignal:OneSignal:3.12.6] AndroidManifest.xml:70:9-66
220-->[com.onesignal:OneSignal:3.12.6] AndroidManifest.xml:70:18-63
221        <service
221-->[com.onesignal:OneSignal:3.12.6] AndroidManifest.xml:71:9-73:72
222            android:name="com.onesignal.GcmIntentJobService"
222-->[com.onesignal:OneSignal:3.12.6] AndroidManifest.xml:72:13-61
223            android:permission="android.permission.BIND_JOB_SERVICE" />
223-->[com.onesignal:OneSignal:3.12.6] AndroidManifest.xml:73:13-69
224        <service
224-->[com.onesignal:OneSignal:3.12.6] AndroidManifest.xml:74:9-76:72
225            android:name="com.onesignal.RestoreJobService"
225-->[com.onesignal:OneSignal:3.12.6] AndroidManifest.xml:75:13-59
226            android:permission="android.permission.BIND_JOB_SERVICE" />
226-->[com.onesignal:OneSignal:3.12.6] AndroidManifest.xml:76:13-69
227        <service
227-->[com.onesignal:OneSignal:3.12.6] AndroidManifest.xml:77:9-79:72
228            android:name="com.onesignal.RestoreKickoffJobService"
228-->[com.onesignal:OneSignal:3.12.6] AndroidManifest.xml:78:13-66
229            android:permission="android.permission.BIND_JOB_SERVICE" />
229-->[com.onesignal:OneSignal:3.12.6] AndroidManifest.xml:79:13-69
230        <service
230-->[com.onesignal:OneSignal:3.12.6] AndroidManifest.xml:80:9-82:43
231            android:name="com.onesignal.SyncService"
231-->[com.onesignal:OneSignal:3.12.6] AndroidManifest.xml:81:13-53
232            android:stopWithTask="true" />
232-->[com.onesignal:OneSignal:3.12.6] AndroidManifest.xml:82:13-40
233        <service
233-->[com.onesignal:OneSignal:3.12.6] AndroidManifest.xml:83:9-85:72
234            android:name="com.onesignal.SyncJobService"
234-->[com.onesignal:OneSignal:3.12.6] AndroidManifest.xml:84:13-56
235            android:permission="android.permission.BIND_JOB_SERVICE" />
235-->[com.onesignal:OneSignal:3.12.6] AndroidManifest.xml:85:13-69
236
237        <activity
237-->[com.onesignal:OneSignal:3.12.6] AndroidManifest.xml:87:9-89:75
238            android:name="com.onesignal.PermissionsActivity"
238-->[com.onesignal:OneSignal:3.12.6] AndroidManifest.xml:88:13-61
239            android:theme="@android:style/Theme.Translucent.NoTitleBar" />
239-->[com.onesignal:OneSignal:3.12.6] AndroidManifest.xml:89:13-72
240
241        <service android:name="com.onesignal.NotificationRestoreService" />
241-->[com.onesignal:OneSignal:3.12.6] AndroidManifest.xml:91:9-76
241-->[com.onesignal:OneSignal:3.12.6] AndroidManifest.xml:91:18-73
242
243        <receiver android:name="com.onesignal.BootUpReceiver" >
243-->[com.onesignal:OneSignal:3.12.6] AndroidManifest.xml:93:9-98:20
243-->[com.onesignal:OneSignal:3.12.6] AndroidManifest.xml:93:19-62
244            <intent-filter>
244-->[com.onesignal:OneSignal:3.12.6] AndroidManifest.xml:94:13-97:29
245                <action android:name="android.intent.action.BOOT_COMPLETED" />
245-->[com.onesignal:OneSignal:3.12.6] AndroidManifest.xml:95:17-79
245-->[com.onesignal:OneSignal:3.12.6] AndroidManifest.xml:95:25-76
246                <action android:name="android.intent.action.QUICKBOOT_POWERON" />
246-->[com.onesignal:OneSignal:3.12.6] AndroidManifest.xml:96:17-82
246-->[com.onesignal:OneSignal:3.12.6] AndroidManifest.xml:96:25-79
247            </intent-filter>
248        </receiver>
249        <receiver android:name="com.onesignal.UpgradeReceiver" >
249-->[com.onesignal:OneSignal:3.12.6] AndroidManifest.xml:99:9-103:20
249-->[com.onesignal:OneSignal:3.12.6] AndroidManifest.xml:99:19-63
250            <intent-filter>
250-->[com.onesignal:OneSignal:3.12.6] AndroidManifest.xml:100:13-102:29
251                <action android:name="android.intent.action.MY_PACKAGE_REPLACED" />
251-->[com.onesignal:OneSignal:3.12.6] AndroidManifest.xml:101:17-84
251-->[com.onesignal:OneSignal:3.12.6] AndroidManifest.xml:101:25-81
252            </intent-filter>
253        </receiver>
254
255        <service
255-->[net.gotev:uploadservice:3.0] AndroidManifest.xml:16:9-20:19
256            android:name="net.gotev.uploadservice.UploadService"
256-->[net.gotev:uploadservice:3.0] AndroidManifest.xml:17:13-65
257            android:enabled="true"
257-->[net.gotev:uploadservice:3.0] AndroidManifest.xml:18:13-35
258            android:exported="true" >
258-->[net.gotev:uploadservice:3.0] AndroidManifest.xml:19:13-36
259        </service>
260
261        <activity
261-->[com.journeyapps:zxing-android-embedded:4.1.0] AndroidManifest.xml:47:9-53:63
262            android:name="com.journeyapps.barcodescanner.CaptureActivity"
262-->[com.journeyapps:zxing-android-embedded:4.1.0] AndroidManifest.xml:48:13-74
263            android:clearTaskOnLaunch="true"
263-->[com.journeyapps:zxing-android-embedded:4.1.0] AndroidManifest.xml:49:13-45
264            android:screenOrientation="sensorLandscape"
264-->[com.journeyapps:zxing-android-embedded:4.1.0] AndroidManifest.xml:50:13-56
265            android:stateNotNeeded="true"
265-->[com.journeyapps:zxing-android-embedded:4.1.0] AndroidManifest.xml:51:13-42
266            android:theme="@style/zxing_CaptureTheme"
266-->[com.journeyapps:zxing-android-embedded:4.1.0] AndroidManifest.xml:52:13-54
267            android:windowSoftInputMode="stateAlwaysHidden" /> <!-- Needs to be explicitly declared on P+ -->
267-->[com.journeyapps:zxing-android-embedded:4.1.0] AndroidManifest.xml:53:13-60
268        <uses-library
268-->[com.google.android.gms:play-services-maps:16.1.0] AndroidManifest.xml:33:9-35:40
269            android:name="org.apache.http.legacy"
269-->[com.google.android.gms:play-services-maps:16.1.0] AndroidManifest.xml:34:13-50
270            android:required="false" />
270-->[com.google.android.gms:play-services-maps:16.1.0] AndroidManifest.xml:35:13-37
271        <!--
272             FirebaseMessagingService performs security checks at runtime,
273             but set to not exported to explicitly avoid allowing another app to call it.
274        -->
275        <service
275-->[com.google.firebase:firebase-messaging:17.6.0] AndroidManifest.xml:28:9-34:19
276            android:name="com.google.firebase.messaging.FirebaseMessagingService"
276-->[com.google.firebase:firebase-messaging:17.6.0] AndroidManifest.xml:29:13-82
277            android:exported="false" >
277-->[com.google.firebase:firebase-messaging:17.6.0] AndroidManifest.xml:30:13-37
278            <intent-filter android:priority="-500" >
278-->[com.google.firebase:firebase-messaging:17.6.0] AndroidManifest.xml:31:13-33:29
278-->[com.google.firebase:firebase-messaging:17.6.0] AndroidManifest.xml:31:28-51
279                <action android:name="com.google.firebase.MESSAGING_EVENT" />